ERROR - 2025-05-18 09:14:48 --> Error connecting to the database: mysqli_sql_exception: Unknown database 'tk_hijaiyah' in D:\Laragon\laragon\www\tk-hijaiyah-carin\system\Database\MySQLi\Connection.php:201
Stack trace:
#0 D:\Laragon\laragon\www\tk-hijaiyah-carin\system\Database\MySQLi\Connection.php(201): mysqli->real_connect('localhost', 'root', Object(SensitiveParameterValue), 'tk_hijaiyah', 3306, '', 0)
#1 D:\Laragon\laragon\www\tk-hijaiyah-carin\system\Database\BaseConnection.php(421): CodeIgniter\Database\MySQLi\Connection->connect(false)
#2 D:\Laragon\laragon\www\tk-hijaiyah-carin\system\Database\BaseConnection.php(620): CodeIgniter\Database\BaseConnection->initialize()
#3 D:\Laragon\laragon\www\tk-hijaiyah-carin\system\Database\BaseConnection.php(1525): CodeIgniter\Database\BaseConnection->query('SHOW TABLES FRO...')
#4 D:\Laragon\laragon\www\tk-hijaiyah-carin\system\Database\BaseConnection.php(1545): CodeIgniter\Database\BaseConnection->listTables()
#5 D:\Laragon\laragon\www\tk-hijaiyah-carin\system\Database\MigrationRunner.php(768): CodeIgniter\Database\BaseConnection->tableExists('migrations')
#6 D:\Laragon\laragon\www\tk-hijaiyah-carin\system\Database\MigrationRunner.php(162): CodeIgniter\Database\MigrationRunner->ensureTable()
#7 D:\Laragon\laragon\www\tk-hijaiyah-carin\system\Commands\Database\Migrate.php(85): CodeIgniter\Database\MigrationRunner->latest(NULL)
#8 D:\Laragon\laragon\www\tk-hijaiyah-carin\system\CLI\Commands.php(74): CodeIgniter\Commands\Database\Migrate->run(Array)
#9 D:\Laragon\laragon\www\tk-hijaiyah-carin\system\CLI\Console.php(47): CodeIgniter\CLI\Commands->run('migrate', Array)
#10 D:\Laragon\laragon\www\tk-hijaiyah-carin\system\Boot.php(360): CodeIgniter\CLI\Console->run()
#11 D:\Laragon\laragon\www\tk-hijaiyah-carin\system\Boot.php(104): CodeIgniter\Boot::runCommand(Object(CodeIgniter\CLI\Console))
#12 D:\Laragon\laragon\www\tk-hijaiyah-carin\spark(87): CodeIgniter\Boot::bootSpark(Object(Config\Paths))
#13 {main}

Next CodeIgniter\Database\Exceptions\DatabaseException: Unknown database 'tk_hijaiyah' in D:\Laragon\laragon\www\tk-hijaiyah-carin\system\Database\MySQLi\Connection.php:246
Stack trace:
#0 D:\Laragon\laragon\www\tk-hijaiyah-carin\system\Database\BaseConnection.php(421): CodeIgniter\Database\MySQLi\Connection->connect(false)
#1 D:\Laragon\laragon\www\tk-hijaiyah-carin\system\Database\BaseConnection.php(620): CodeIgniter\Database\BaseConnection->initialize()
#2 D:\Laragon\laragon\www\tk-hijaiyah-carin\system\Database\BaseConnection.php(1525): CodeIgniter\Database\BaseConnection->query('SHOW TABLES FRO...')
#3 D:\Laragon\laragon\www\tk-hijaiyah-carin\system\Database\BaseConnection.php(1545): CodeIgniter\Database\BaseConnection->listTables()
#4 D:\Laragon\laragon\www\tk-hijaiyah-carin\system\Database\MigrationRunner.php(768): CodeIgniter\Database\BaseConnection->tableExists('migrations')
#5 D:\Laragon\laragon\www\tk-hijaiyah-carin\system\Database\MigrationRunner.php(162): CodeIgniter\Database\MigrationRunner->ensureTable()
#6 D:\Laragon\laragon\www\tk-hijaiyah-carin\system\Commands\Database\Migrate.php(85): CodeIgniter\Database\MigrationRunner->latest(NULL)
#7 D:\Laragon\laragon\www\tk-hijaiyah-carin\system\CLI\Commands.php(74): CodeIgniter\Commands\Database\Migrate->run(Array)
#8 D:\Laragon\laragon\www\tk-hijaiyah-carin\system\CLI\Console.php(47): CodeIgniter\CLI\Commands->run('migrate', Array)
#9 D:\Laragon\laragon\www\tk-hijaiyah-carin\system\Boot.php(360): CodeIgniter\CLI\Console->run()
#10 D:\Laragon\laragon\www\tk-hijaiyah-carin\system\Boot.php(104): CodeIgniter\Boot::runCommand(Object(CodeIgniter\CLI\Console))
#11 D:\Laragon\laragon\www\tk-hijaiyah-carin\spark(87): CodeIgniter\Boot::bootSpark(Object(Config\Paths))
#12 {main}
